c:\users\admin\desktop\openglwork\p1\debug\vc143.pdb
c:\users\admin\desktop\openglwork\p1\debug\vc143.idb
c:\users\admin\desktop\openglwork\p1\debug\p1.obj
c:\users\admin\desktop\openglwork\p1\debug\glad.obj
c:\users\admin\desktop\openglwork\p1\debug\p1.ilk
c:\users\admin\desktop\openglwork\debug\p1.exe
c:\users\admin\desktop\openglwork\debug\p1.pdb
c:\users\admin\documents\opengl\p1\debug\glad.obj
c:\users\admin\documents\opengl\p1\debug\p1.obj
c:\users\admin\documents\opengl\p1\debug\p1.ilk
c:\users\admin\documents\opengl\p1\debug\vc143.idb
c:\users\admin\documents\opengl\p1\debug\vc143.pdb
c:\users\admin\documents\opengl\debug\p1.pdb
c:\users\admin\documents\opengl\debug\p1.exe
c:\users\admin\documents\opengl\p1\debug\p1.tlog\cl.command.1.tlog
c:\users\admin\documents\opengl\p1\debug\p1.tlog\cl.items.tlog
c:\users\admin\documents\opengl\p1\debug\p1.tlog\cl.read.1.tlog
c:\users\admin\documents\opengl\p1\debug\p1.tlog\cl.write.1.tlog
c:\users\admin\documents\opengl\p1\debug\p1.tlog\link.command.1.tlog
c:\users\admin\documents\opengl\p1\debug\p1.tlog\link.read.1.tlog
c:\users\admin\documents\opengl\p1\debug\p1.tlog\link.write.1.tlog
